<?xml version="1.0" encoding="UTF-8"?>
<testng-results skipped="0" failed="0" ignored="0" total="1" passed="1">
  <reporter-output>
  </reporter-output>
  <suite name="gitbas1234.DemoTest" duration-ms="28" started-at="2023-03-10T17:59:20 IST" finished-at="2023-03-10T17:59:20 IST">
    <groups>
    </groups>
    <test name="Command line test" duration-ms="28" started-at="2023-03-10T17:59:20 IST" finished-at="2023-03-10T17:59:20 IST">
      <class name="gitbas1234.DemoTest">
        <test-method status="PASS" signature="test()[pri:0, instance:gitbas1234.DemoTest@5d76b067]" name="test" duration-ms="18" started-at="2023-03-10T17:59:20 IST" finished-at="2023-03-10T17:59:20 IST">
          <reporter-output>
          </reporter-output>
        </test-method> <!-- test -->
      </class> <!-- gitbas1234.DemoTest -->
    </test> <!-- Command line test -->
  </suite> <!-- gitbas1234.DemoTest -->
</testng-results>
