<?xml version="1.0" encoding="UTF-8"?>
<testng-results skipped="0" failed="0" ignored="0" total="1" passed="1">
  <reporter-output>
  </reporter-output>
  <suite name="Suite" duration-ms="44" started-at="2023-03-10T15:38:02 IST" finished-at="2023-03-10T15:38:02 IST">
    <groups>
    </groups>
    <test name="Test" duration-ms="44" started-at="2023-03-10T15:38:02 IST" finished-at="2023-03-10T15:38:02 IST">
      <class name="gitbas1234.DemoTest">
        <test-method status="PASS" signature="test()[pri:0, instance:gitbas1234.DemoTest@72b6cbcc]" name="test" duration-ms="5" started-at="2023-03-10T15:38:02 IST" finished-at="2023-03-10T15:38:02 IST">
          <reporter-output>
          </reporter-output>
        </test-method> <!-- test -->
      </class> <!-- gitbas1234.DemoTest -->
    </test> <!-- Test -->
  </suite> <!-- Suite -->
</testng-results>
