<?xml version="1.0" encoding="UTF-8"?>
<testng-results ignored="0" total="1" passed="1" failed="0" skipped="0">
  <reporter-output>
  </reporter-output>
  <suite started-at="2023-03-10T15:34:58 IST" name="Suite" finished-at="2023-03-10T15:34:58 IST" duration-ms="40">
    <groups>
    </groups>
    <test started-at="2023-03-10T15:34:58 IST" name="Test" finished-at="2023-03-10T15:34:58 IST" duration-ms="40">
      <class name="gitbas1234.DemoTest">
        <test-method signature="test()[pri:0, instance:gitbas1234.DemoTest@31fa1761]" started-at="2023-03-10T15:34:58 IST" name="test" finished-at="2023-03-10T15:34:58 IST" duration-ms="10" status="PASS">
          <reporter-output>
          </reporter-output>
        </test-method> <!-- test -->
      </class> <!-- gitbas1234.DemoTest -->
    </test> <!-- Test -->
  </suite> <!-- Suite -->
</testng-results>
