<?xml version="1.0" encoding="UTF-8"?>
<testng-results ignored="0" total="2" passed="2" failed="0" skipped="0">
  <reporter-output>
  </reporter-output>
  <suite started-at="2023-03-10T14:53:18 IST" name="Suite" finished-at="2023-03-10T14:53:18 IST" duration-ms="59">
    <groups>
    </groups>
    <test started-at="2023-03-10T14:53:18 IST" name="Test" finished-at="2023-03-10T14:53:18 IST" duration-ms="59">
      <class name="gitbash.practice2">
        <test-method signature="ma()[pri:0, instance:gitbash.practice2@957e06]" started-at="2023-03-10T14:53:18 IST" name="ma" finished-at="2023-03-10T14:53:18 IST" duration-ms="9" status="PASS">
          <reporter-output>
          </reporter-output>
        </test-method> <!-- ma -->
      </class> <!-- gitbash.practice2 -->
      <class name="gitbash.practice">
        <test-method signature="ma()[pri:0, instance:gitbash.practice@2dc54ad4]" started-at="2023-03-10T14:53:18 IST" name="ma" finished-at="2023-03-10T14:53:18 IST" duration-ms="1" status="PASS">
          <reporter-output>
          </reporter-output>
        </test-method> <!-- ma -->
      </class> <!-- gitbash.practice -->
    </test> <!-- Test -->
  </suite> <!-- Suite -->
</testng-results>
